<?xml version="1.0" encoding="UTF-8"?>
<coverage generated="1699766262415" clover="3.2.0">
  <project timestamp="1699766262415" name="All files">
    <metrics statements="47" coveredstatements="40" conditionals="4" coveredconditionals="3" methods="14" coveredmethods="10" elements="65" coveredelements="53" complexity="0" loc="47" ncloc="47" packages="1" files="3" classes="3"/>
    <file name="TaskFormDialog.tsx" path="/Users/kevinsong/iCloud Drive (Archive)/Documents/code/TaskManagerApplication/task-manager/src/components/TaskFormDialog.tsx">
      <metrics statements="23" coveredstatements="19" conditionals="3" coveredconditionals="2" methods="7" coveredmethods="5"/>
      <line num="1" count="1" type="stmt"/>
      <line num="2" count="1" type="stmt"/>
      <line num="4" count="1" type="stmt"/>
      <line num="13" count="6" type="stmt"/>
      <line num="14" count="6" type="stmt"/>
      <line num="23" count="6" type="stmt"/>
      <line num="24" count="3" type="cond" truecount="1" falsecount="1"/>
      <line num="25" count="3" type="stmt"/>
      <line num="31" count="0" type="stmt"/>
      <line num="43" count="6" type="stmt"/>
      <line num="44" count="1" type="stmt"/>
      <line num="45" count="1" type="stmt"/>
      <line num="47" count="1" type="stmt"/>
      <line num="48" count="1" type="stmt"/>
      <line num="51" count="6" type="stmt"/>
      <line num="52" count="0" type="stmt"/>
      <line num="53" count="0" type="stmt"/>
      <line num="59" count="6" type="stmt"/>
      <line num="60" count="12" type="cond" truecount="1" falsecount="0"/>
      <line num="61" count="12" type="stmt"/>
      <line num="63" count="0" type="stmt"/>
      <line num="66" count="6" type="stmt"/>
      <line num="183" count="1" type="stmt"/>
    </file>
    <file name="TaskItem.tsx" path="/Users/kevinsong/iCloud Drive (Archive)/Documents/code/TaskManagerApplication/task-manager/src/components/TaskItem.tsx">
      <metrics statements="22" coveredstatements="19" conditionals="1" coveredconditionals="1" methods="6" coveredmethods="4"/>
      <line num="1" count="1" type="stmt"/>
      <line num="3" count="1" type="stmt"/>
      <line num="4" count="1" type="stmt"/>
      <line num="5" count="1" type="stmt"/>
      <line num="6" count="1" type="stmt"/>
      <line num="7" count="1" type="stmt"/>
      <line num="16" count="1" type="stmt"/>
      <line num="20" count="2" type="stmt"/>
      <line num="21" count="10" type="stmt"/>
      <line num="23" count="2" type="stmt"/>
      <line num="25" count="2" type="stmt"/>
      <line num="26" count="0" type="stmt"/>
      <line num="29" count="2" type="stmt"/>
      <line num="30" count="0" type="stmt"/>
      <line num="33" count="2" type="stmt"/>
      <line num="34" count="2" type="cond" truecount="1" falsecount="0"/>
      <line num="35" count="2" type="stmt"/>
      <line num="41" count="0" type="stmt"/>
      <line num="48" count="2" type="stmt"/>
      <line num="57" count="1" type="stmt"/>
      <line num="86" count="1" type="stmt"/>
      <line num="127" count="1" type="stmt"/>
    </file>
    <file name="helpers.tsx" path="/Users/kevinsong/iCloud Drive (Archive)/Documents/code/TaskManagerApplication/task-manager/src/components/helpers.tsx">
      <metrics statements="2" coveredstatements="2" conditionals="0" coveredconditionals="0" methods="1" coveredmethods="1"/>
      <line num="3" count="2" type="stmt"/>
      <line num="11" count="2" type="stmt"/>
    </file>
  </project>
</coverage>
