{"/Users/kevinsong/iCloud Drive (Archive)/Documents/code/TaskManagerApplication/task-manager/src/components/TaskFormDialog.tsx": {"path":"/Users/kevinsong/iCloud Drive (Archive)/Documents/code/TaskManagerApplication/task-manager/src/components/TaskFormDialog.tsx","statementMap":{"0":{"start":{"line":1,"column":0},"end":{"line":1,"column":75}},"1":{"start":{"line":2,"column":0},"end":{"line":2,"column":167}},"2":{"start":{"line":4,"column":0},"end":{"line":4,"column":36}},"3":{"start":{"line":13,"column":48},"end":{"line":181,"column":1}},"4":{"start":{"line":13,"column":55},"end":{"line":13,"column":57}},"5":{"start":{"line":13,"column":64},"end":{"line":13,"column":66}},"6":{"start":{"line":13,"column":74},"end":{"line":13,"column":76}},"7":{"start":{"line":13,"column":88},"end":{"line":13,"column":90}},"8":{"start":{"line":14,"column":36},"end":{"line":21,"column":6}},"9":{"start":{"line":14,"column":19},"end":{"line":14,"column":21}},"10":{"start":{"line":14,"column":32},"end":{"line":14,"column":36}},"11":{"start":{"line":23,"column":4},"end":{"line":40,"column":29}},"12":{"start":{"line":24,"column":8},"end":{"line":39,"column":null}},"13":{"start":{"line":25,"column":12},"end":{"line":28,"column":16}},"14":{"start":{"line":25,"column":38},"end":{"line":28,"column":15}},"15":{"start":{"line":31,"column":12},"end":{"line":38,"column":15}},"16":{"start":{"line":43,"column":25},"end":{"line":49,"column":5}},"17":{"start":{"line":44,"column":8},"end":{"line":44,"column":27}},"18":{"start":{"line":45,"column":8},"end":{"line":45,"column":46}},"19":{"start":{"line":47,"column":8},"end":{"line":47,"column":27}},"20":{"start":{"line":48,"column":8},"end":{"line":48,"column":18}},"21":{"start":{"line":51,"column":25},"end":{"line":57,"column":5}},"22":{"start":{"line":52,"column":32},"end":{"line":52,"column":40}},"23":{"start":{"line":52,"column":20},"end":{"line":52,"column":22}},"24":{"start":{"line":52,"column":27},"end":{"line":52,"column":32}},"25":{"start":{"line":53,"column":8},"end":{"line":56,"column":20}},"26":{"start":{"line":53,"column":34},"end":{"line":56,"column":19}},"27":{"start":{"line":59,"column":22},"end":{"line":64,"column":5}},"28":{"start":{"line":60,"column":8},"end":{"line":62,"column":null}},"29":{"start":{"line":61,"column":12},"end":{"line":61,"column":null}},"30":{"start":{"line":63,"column":8},"end":{"line":63,"column":null}},"31":{"start":{"line":66,"column":4},"end":{"line":179,"column":null}},"32":{"start":{"line":183,"column":0},"end":{"line":183,"column":30}}},"fnMap":{"0":{"name":"(anonymous_8)","decl":{"start":{"line":13,"column":48},"end":{"line":13,"column":49}},"loc":{"start":{"line":13,"column":90},"end":{"line":181,"column":1}}},"1":{"name":"(anonymous_9)","decl":{"start":{"line":23,"column":14},"end":{"line":23,"column":null}},"loc":{"start":{"line":23,"column":14},"end":{"line":40,"column":5}}},"2":{"name":"(anonymous_10)","decl":{"start":{"line":25,"column":24},"end":{"line":25,"column":25}},"loc":{"start":{"line":25,"column":33},"end":{"line":25,"column":null}}},"3":{"name":"(anonymous_11)","decl":{"start":{"line":43,"column":25},"end":{"line":43,"column":26}},"loc":{"start":{"line":43,"column":38},"end":{"line":49,"column":5}}},"4":{"name":"(anonymous_12)","decl":{"start":{"line":51,"column":25},"end":{"line":51,"column":26}},"loc":{"start":{"line":51,"column":58},"end":{"line":57,"column":5}}},"5":{"name":"(anonymous_13)","decl":{"start":{"line":53,"column":20},"end":{"line":53,"column":21}},"loc":{"start":{"line":53,"column":29},"end":{"line":53,"column":null}}},"6":{"name":"(anonymous_14)","decl":{"start":{"line":59,"column":22},"end":{"line":59,"column":null}},"loc":{"start":{"line":59,"column":22},"end":{"line":64,"column":5}}}},"branchMap":{"0":{"loc":{"start":{"line":24,"column":8},"end":{"line":39,"column":null}},"type":"if","locations":[{"start":{"line":24,"column":8},"end":{"line":39,"column":null}},{"start":{"line":29,"column":15},"end":{"line":39,"column":null}}]},"1":{"loc":{"start":{"line":60,"column":8},"end":{"line":62,"column":null}},"type":"if","locations":[{"start":{"line":60,"column":8},"end":{"line":62,"column":null}}]}},"s":{"0":1,"1":1,"2":1,"3":1,"4":6,"5":6,"6":6,"7":6,"8":6,"9":6,"10":6,"11":6,"12":3,"13":3,"14":3,"15":0,"16":6,"17":1,"18":1,"19":1,"20":1,"21":6,"22":0,"23":0,"24":0,"25":0,"26":0,"27":6,"28":12,"29":12,"30":0,"31":6,"32":1},"f":{"0":6,"1":3,"2":3,"3":1,"4":0,"5":0,"6":12},"b":{"0":[3,0],"1":[12]}}
,"/Users/kevinsong/iCloud Drive (Archive)/Documents/code/TaskManagerApplication/task-manager/src/components/TaskItem.tsx": {"path":"/Users/kevinsong/iCloud Drive (Archive)/Documents/code/TaskManagerApplication/task-manager/src/components/TaskItem.tsx","statementMap":{"0":{"start":{"line":1,"column":0},"end":{"line":1,"column":40}},"1":{"start":{"line":3,"column":0},"end":{"line":3,"column":147}},"2":{"start":{"line":4,"column":0},"end":{"line":4,"column":37}},"3":{"start":{"line":5,"column":0},"end":{"line":5,"column":48}},"4":{"start":{"line":6,"column":0},"end":{"line":6,"column":52}},"5":{"start":{"line":7,"column":0},"end":{"line":7,"column":72}},"6":{"start":{"line":16,"column":19},"end":{"line":18,"column":2}},"7":{"start":{"line":20,"column":34},"end":{"line":125,"column":1}},"8":{"start":{"line":20,"column":41},"end":{"line":20,"column":43}},"9":{"start":{"line":20,"column":53},"end":{"line":20,"column":55}},"10":{"start":{"line":20,"column":67},"end":{"line":20,"column":69}},"11":{"start":{"line":20,"column":82},"end":{"line":20,"column":84}},"12":{"start":{"line":21,"column":59},"end":{"line":21,"column":64}},"13":{"start":{"line":23,"column":28},"end":{"line":23,"column":43}},"14":{"start":{"line":23,"column":15},"end":{"line":23,"column":17}},"15":{"start":{"line":23,"column":24},"end":{"line":23,"column":28}},"16":{"start":{"line":25,"column":23},"end":{"line":27,"column":5}},"17":{"start":{"line":26,"column":8},"end":{"line":26,"column":22}},"18":{"start":{"line":29,"column":24},"end":{"line":31,"column":5}},"19":{"start":{"line":30,"column":8},"end":{"line":30,"column":23}},"20":{"start":{"line":33,"column":24},"end":{"line":46,"column":5}},"21":{"start":{"line":34,"column":8},"end":{"line":40,"column":null}},"22":{"start":{"line":35,"column":12},"end":{"line":39,"column":14}},"23":{"start":{"line":41,"column":8},"end":{"line":45,"column":10}},"24":{"start":{"line":48,"column":4},"end":{"line":124,"column":null}},"25":{"start":{"line":57,"column":82},"end":{"line":57,"column":null}},"26":{"start":{"line":86,"column":86},"end":{"line":86,"column":null}},"27":{"start":{"line":127,"column":0},"end":{"line":127,"column":20}}},"fnMap":{"0":{"name":"(anonymous_7)","decl":{"start":{"line":20,"column":34},"end":{"line":20,"column":35}},"loc":{"start":{"line":20,"column":84},"end":{"line":125,"column":1}}},"1":{"name":"(anonymous_8)","decl":{"start":{"line":25,"column":23},"end":{"line":25,"column":null}},"loc":{"start":{"line":25,"column":23},"end":{"line":27,"column":5}}},"2":{"name":"(anonymous_9)","decl":{"start":{"line":29,"column":24},"end":{"line":29,"column":null}},"loc":{"start":{"line":29,"column":24},"end":{"line":31,"column":5}}},"3":{"name":"(anonymous_10)","decl":{"start":{"line":33,"column":24},"end":{"line":33,"column":null}},"loc":{"start":{"line":33,"column":24},"end":{"line":46,"column":5}}},"4":{"name":"(anonymous_11)","decl":{"start":{"line":57,"column":76},"end":{"line":57,"column":82}},"loc":{"start":{"line":57,"column":76},"end":{"line":57,"column":92}}},"5":{"name":"(anonymous_12)","decl":{"start":{"line":86,"column":80},"end":{"line":86,"column":86}},"loc":{"start":{"line":86,"column":80},"end":{"line":86,"column":98}}}},"branchMap":{"0":{"loc":{"start":{"line":34,"column":8},"end":{"line":40,"column":null}},"type":"if","locations":[{"start":{"line":34,"column":8},"end":{"line":40,"column":null}}]}},"s":{"0":1,"1":1,"2":1,"3":1,"4":1,"5":1,"6":1,"7":1,"8":2,"9":2,"10":2,"11":2,"12":10,"13":2,"14":2,"15":2,"16":2,"17":0,"18":2,"19":0,"20":2,"21":2,"22":2,"23":0,"24":2,"25":1,"26":1,"27":1},"f":{"0":2,"1":0,"2":0,"3":2,"4":1,"5":1},"b":{"0":[2]}}
,"/Users/kevinsong/iCloud Drive (Archive)/Documents/code/TaskManagerApplication/task-manager/src/components/helpers.tsx": {"path":"/Users/kevinsong/iCloud Drive (Archive)/Documents/code/TaskManagerApplication/task-manager/src/components/helpers.tsx","statementMap":{"0":{"start":{"line":3,"column":30},"end":{"line":19,"column":1}},"1":{"start":{"line":11,"column":4},"end":{"line":18,"column":6}},"2":{"start":{"line":3,"column":13},"end":{"line":3,"column":30}}},"fnMap":{"0":{"name":"(anonymous_0)","decl":{"start":{"line":3,"column":30},"end":{"line":3,"column":null}},"loc":{"start":{"line":9,"column":26},"end":{"line":19,"column":1}}}},"branchMap":{},"s":{"0":2,"1":2,"2":2},"f":{"0":2},"b":{}}
}
