TN:
SF:src/components/TaskFormDialog.tsx
FN:13,(anonymous_8)
FN:23,(anonymous_9)
FN:25,(anonymous_10)
FN:43,(anonymous_11)
FN:51,(anonymous_12)
FN:53,(anonymous_13)
FN:59,(anonymous_14)
FNF:7
FNH:5
FNDA:6,(anonymous_8)
FNDA:3,(anonymous_9)
FNDA:3,(anonymous_10)
FNDA:1,(anonymous_11)
FNDA:0,(anonymous_12)
FNDA:0,(anonymous_13)
FNDA:12,(anonymous_14)
DA:1,1
DA:2,1
DA:4,1
DA:13,6
DA:14,6
DA:23,6
DA:24,3
DA:25,3
DA:31,0
DA:43,6
DA:44,1
DA:45,1
DA:47,1
DA:48,1
DA:51,6
DA:52,0
DA:53,0
DA:59,6
DA:60,12
DA:61,12
DA:63,0
DA:66,6
DA:183,1
LF:23
LH:19
BRDA:24,0,0,3
BRDA:24,0,1,0
BRDA:60,1,0,12
BRF:3
BRH:2
end_of_record
TN:
SF:src/components/TaskItem.tsx
FN:20,(anonymous_7)
FN:25,(anonymous_8)
FN:29,(anonymous_9)
FN:33,(anonymous_10)
FN:57,(anonymous_11)
FN:86,(anonymous_12)
FNF:6
FNH:4
FNDA:2,(anonymous_7)
FNDA:0,(anonymous_8)
FNDA:0,(anonymous_9)
FNDA:2,(anonymous_10)
FNDA:1,(anonymous_11)
FNDA:1,(anonymous_12)
DA:1,1
DA:3,1
DA:4,1
DA:5,1
DA:6,1
DA:7,1
DA:16,1
DA:20,2
DA:21,10
DA:23,2
DA:25,2
DA:26,0
DA:29,2
DA:30,0
DA:33,2
DA:34,2
DA:35,2
DA:41,0
DA:48,2
DA:57,1
DA:86,1
DA:127,1
LF:22
LH:19
BRDA:34,0,0,2
BRF:1
BRH:1
end_of_record
TN:
SF:src/components/helpers.tsx
FN:3,(anonymous_0)
FNF:1
FNH:1
FNDA:2,(anonymous_0)
DA:3,2
DA:11,2
LF:2
LH:2
BRF:0
BRH:0
end_of_record
