{"/Users/kevinsong/iCloud Drive (Archive)/Documents/code/TaskManagerApplication/server/src/app.ts": {"path":"/Users/kevinsong/iCloud Drive (Archive)/Documents/code/TaskManagerApplication/server/src/app.ts","statementMap":{"0":{"start":{"line":1,"column":0},"end":{"line":1,"column":53}},"1":{"start":{"line":2,"column":0},"end":{"line":2,"column":32}},"2":{"start":{"line":3,"column":0},"end":{"line":3,"column":37}},"3":{"start":{"line":4,"column":0},"end":{"line":4,"column":24}},"4":{"start":{"line":5,"column":0},"end":{"line":5,"column":42}},"5":{"start":{"line":6,"column":0},"end":{"line":6,"column":60}},"6":{"start":{"line":10,"column":0},"end":{"line":10,"column":59}},"7":{"start":{"line":13,"column":11},"end":{"line":13,"column":30}},"8":{"start":{"line":14,"column":0},"end":{"line":14,"column":65}},"9":{"start":{"line":15,"column":0},"end":{"line":17,"column":null}},"10":{"start":{"line":16,"column":4},"end":{"line":16,"column":39}},"11":{"start":{"line":19,"column":12},"end":{"line":19,"column":21}},"12":{"start":{"line":22,"column":0},"end":{"line":22,"column":27}},"13":{"start":{"line":23,"column":0},"end":{"line":23,"column":16}},"14":{"start":{"line":27,"column":0},"end":{"line":33,"column":3}},"15":{"start":{"line":28,"column":4},"end":{"line":32,"column":null}},"16":{"start":{"line":29,"column":8},"end":{"line":29,"column":59}},"17":{"start":{"line":31,"column":8},"end":{"line":31,"column":15}},"18":{"start":{"line":38,"column":0},"end":{"line":48,"column":3}},"19":{"start":{"line":39,"column":4},"end":{"line":47,"column":null}},"20":{"start":{"line":40,"column":25},"end":{"line":40,"column":33}},"21":{"start":{"line":41,"column":8},"end":{"line":41,"column":43}},"22":{"start":{"line":42,"column":28},"end":{"line":42,"column":60}},"23":{"start":{"line":43,"column":8},"end":{"line":43,"column":null}},"24":{"start":{"line":45,"column":8},"end":{"line":45,"column":52}},"25":{"start":{"line":46,"column":8},"end":{"line":46,"column":65}},"26":{"start":{"line":51,"column":0},"end":{"line":59,"column":3}},"27":{"start":{"line":52,"column":4},"end":{"line":58,"column":null}},"28":{"start":{"line":53,"column":22},"end":{"line":53,"column":44}},"29":{"start":{"line":54,"column":8},"end":{"line":54,"column":36}},"30":{"start":{"line":56,"column":8},"end":{"line":56,"column":52}},"31":{"start":{"line":57,"column":8},"end":{"line":57,"column":65}},"32":{"start":{"line":62,"column":0},"end":{"line":75,"column":3}},"33":{"start":{"line":63,"column":4},"end":{"line":74,"column":null}},"34":{"start":{"line":64,"column":23},"end":{"line":64,"column":40}},"35":{"start":{"line":65,"column":21},"end":{"line":65,"column":60}},"36":{"start":{"line":66,"column":8},"end":{"line":69,"column":null}},"37":{"start":{"line":67,"column":12},"end":{"line":67,"column":63}},"38":{"start":{"line":68,"column":12},"end":{"line":68,"column":19}},"39":{"start":{"line":70,"column":8},"end":{"line":70,"column":35}},"40":{"start":{"line":72,"column":8},"end":{"line":72,"column":58}},"41":{"start":{"line":73,"column":8},"end":{"line":73,"column":65}},"42":{"start":{"line":78,"column":0},"end":{"line":93,"column":3}},"43":{"start":{"line":79,"column":4},"end":{"line":92,"column":null}},"44":{"start":{"line":80,"column":21},"end":{"line":80,"column":45}},"45":{"start":{"line":82,"column":28},"end":{"line":82,"column":101}},"46":{"start":{"line":84,"column":8},"end":{"line":87,"column":null}},"47":{"start":{"line":85,"column":12},"end":{"line":85,"column":63}},"48":{"start":{"line":86,"column":12},"end":{"line":86,"column":19}},"49":{"start":{"line":88,"column":8},"end":{"line":88,"column":42}},"50":{"start":{"line":90,"column":8},"end":{"line":90,"column":52}},"51":{"start":{"line":91,"column":8},"end":{"line":91,"column":65}},"52":{"start":{"line":97,"column":0},"end":{"line":112,"column":3}},"53":{"start":{"line":98,"column":4},"end":{"line":111,"column":null}},"54":{"start":{"line":99,"column":21},"end":{"line":99,"column":45}},"55":{"start":{"line":100,"column":8},"end":{"line":100,"column":42}},"56":{"start":{"line":101,"column":28},"end":{"line":101,"column":76}},"57":{"start":{"line":103,"column":8},"end":{"line":106,"column":null}},"58":{"start":{"line":104,"column":12},"end":{"line":104,"column":63}},"59":{"start":{"line":105,"column":12},"end":{"line":105,"column":19}},"60":{"start":{"line":107,"column":8},"end":{"line":107,"column":42}},"61":{"start":{"line":109,"column":8},"end":{"line":109,"column":52}},"62":{"start":{"line":110,"column":8},"end":{"line":110,"column":65}},"63":{"start":{"line":116,"column":0},"end":{"line":118,"column":null}},"64":{"start":{"line":117,"column":4},"end":{"line":117,"column":58}},"65":{"start":{"line":120,"column":0},"end":{"line":120,"column":19}}},"fnMap":{"0":{"name":"(anonymous_1)","decl":{"start":{"line":15,"column":16},"end":{"line":15,"column":19}},"loc":{"start":{"line":15,"column":21},"end":{"line":17,"column":1}}},"1":{"name":"(anonymous_2)","decl":{"start":{"line":27,"column":20},"end":{"line":27,"column":21}},"loc":{"start":{"line":27,"column":47},"end":{"line":33,"column":1}}},"2":{"name":"(anonymous_3)","decl":{"start":{"line":38,"column":19},"end":{"line":38,"column":24}},"loc":{"start":{"line":38,"column":57},"end":{"line":48,"column":1}}},"3":{"name":"(anonymous_4)","decl":{"start":{"line":51,"column":18},"end":{"line":51,"column":23}},"loc":{"start":{"line":51,"column":56},"end":{"line":59,"column":1}}},"4":{"name":"(anonymous_5)","decl":{"start":{"line":62,"column":26},"end":{"line":62,"column":31}},"loc":{"start":{"line":62,"column":64},"end":{"line":75,"column":1}}},"5":{"name":"(anonymous_6)","decl":{"start":{"line":78,"column":26},"end":{"line":78,"column":31}},"loc":{"start":{"line":78,"column":64},"end":{"line":93,"column":1}}},"6":{"name":"(anonymous_7)","decl":{"start":{"line":97,"column":29},"end":{"line":97,"column":34}},"loc":{"start":{"line":97,"column":67},"end":{"line":112,"column":1}}},"7":{"name":"(anonymous_8)","decl":{"start":{"line":116,"column":17},"end":{"line":116,"column":20}},"loc":{"start":{"line":116,"column":22},"end":{"line":118,"column":1}}}},"branchMap":{"0":{"loc":{"start":{"line":28,"column":4},"end":{"line":32,"column":null}},"type":"if","locations":[{"start":{"line":28,"column":4},"end":{"line":32,"column":null}},{"start":{"line":30,"column":11},"end":{"line":32,"column":null}}]},"1":{"loc":{"start":{"line":66,"column":8},"end":{"line":69,"column":null}},"type":"if","locations":[{"start":{"line":66,"column":8},"end":{"line":69,"column":null}}]},"2":{"loc":{"start":{"line":84,"column":8},"end":{"line":87,"column":null}},"type":"if","locations":[{"start":{"line":84,"column":8},"end":{"line":87,"column":null}}]},"3":{"loc":{"start":{"line":103,"column":8},"end":{"line":106,"column":null}},"type":"if","locations":[{"start":{"line":103,"column":8},"end":{"line":106,"column":null}}]}},"s":{"0":1,"1":1,"2":1,"3":1,"4":1,"5":1,"6":1,"7":1,"8":1,"9":1,"10":1,"11":1,"12":1,"13":1,"14":1,"15":3,"16":0,"17":3,"18":1,"19":1,"20":1,"21":1,"22":1,"23":1,"24":0,"25":0,"26":1,"27":1,"28":1,"29":1,"30":0,"31":0,"32":1,"33":1,"34":1,"35":1,"36":1,"37":0,"38":0,"39":1,"40":0,"41":0,"42":1,"43":1,"44":1,"45":1,"46":1,"47":0,"48":0,"49":1,"50":0,"51":0,"52":1,"53":1,"54":1,"55":1,"56":1,"57":1,"58":0,"59":0,"60":1,"61":0,"62":0,"63":1,"64":1,"65":1},"f":{"0":1,"1":3,"2":1,"3":1,"4":1,"5":1,"6":1,"7":1},"b":{"0":[0,3],"1":[0],"2":[0],"3":[0]}}
,"/Users/kevinsong/iCloud Drive (Archive)/Documents/code/TaskManagerApplication/server/src/models/task.ts": {"path":"/Users/kevinsong/iCloud Drive (Archive)/Documents/code/TaskManagerApplication/server/src/models/task.ts","statementMap":{"0":{"start":{"line":1,"column":0},"end":{"line":1,"column":61}},"1":{"start":{"line":2,"column":0},"end":{"line":2,"column":36}},"2":{"start":{"line":13,"column":19},"end":{"line":20,"column":2}},"3":{"start":{"line":22,"column":13},"end":{"line":22,"column":71}}},"fnMap":{},"branchMap":{},"s":{"0":1,"1":1,"2":1,"3":1},"f":{},"b":{}}
}
