TN:
SF:src/app.ts
FN:15,(anonymous_1)
FN:27,(anonymous_2)
FN:38,(anonymous_3)
FN:51,(anonymous_4)
FN:62,(anonymous_5)
FN:78,(anonymous_6)
FN:97,(anonymous_7)
FN:116,(anonymous_8)
FNF:8
FNH:8
FNDA:1,(anonymous_1)
FNDA:3,(anonymous_2)
FNDA:1,(anonymous_3)
FNDA:1,(anonymous_4)
FNDA:1,(anonymous_5)
FNDA:1,(anonymous_6)
FNDA:1,(anonymous_7)
FNDA:1,(anonymous_8)
DA:1,1
DA:2,1
DA:3,1
DA:4,1
DA:5,1
DA:6,1
DA:10,1
DA:13,1
DA:14,1
DA:15,1
DA:16,1
DA:19,1
DA:22,1
DA:23,1
DA:27,1
DA:28,3
DA:29,0
DA:31,3
DA:38,1
DA:39,1
DA:40,1
DA:41,1
DA:42,1
DA:43,1
DA:45,0
DA:46,0
DA:51,1
DA:52,1
DA:53,1
DA:54,1
DA:56,0
DA:57,0
DA:62,1
DA:63,1
DA:64,1
DA:65,1
DA:66,1
DA:67,0
DA:68,0
DA:70,1
DA:72,0
DA:73,0
DA:78,1
DA:79,1
DA:80,1
DA:82,1
DA:84,1
DA:85,0
DA:86,0
DA:88,1
DA:90,0
DA:91,0
DA:97,1
DA:98,1
DA:99,1
DA:100,1
DA:101,1
DA:103,1
DA:104,0
DA:105,0
DA:107,1
DA:109,0
DA:110,0
DA:116,1
DA:117,1
DA:120,1
LF:66
LH:49
BRDA:28,0,0,0
BRDA:28,0,1,3
BRDA:66,1,0,0
BRDA:84,2,0,0
BRDA:103,3,0,0
BRF:5
BRH:1
end_of_record
TN:
SF:src/models/task.ts
FNF:0
FNH:0
DA:1,1
DA:2,1
DA:13,1
DA:22,1
LF:4
LH:4
BRF:0
BRH:0
end_of_record
